# JRE version: OpenJDK Runtime Environment (17.0.7) (build 17.0.7+0-b2043.56-10550314)
# Java VM: OpenJDK 64-Bit Server VM (17.0.7+0-b2043.56-10550314, mixed mode, tiered, compressed oops, compressed class ptrs, g1 gc, windows-amd64)
GC Precious Log:
 CPUs: 8 total, 8 available
 Memory: 16314M
 Large Page Support: Disabled
 NUMA Support: Disabled
 Compressed Oops: Enabled (32-bit)
 Heap Region Size: 1M
 Heap Min Capacity: 8M
 Heap Initial Capacity: 256M
 Heap Max Capacity: 2G
 Pre-touch: Disabled
 Parallel Workers: 8
 Concurrent Workers: 2
 Concurrent Refinement Workers: 8
 Periodic GC: Disabled
Heap:
 garbage-first heap   total 198656K, used 128434K [0x0000000080000000, 0x0000000100000000)
  region size 1024K, 20 young (20480K), 5 survivors (5120K)
 Metaspace       used 96385K, committed 97088K, reserved 1179648K
  class space    used 13132K, committed 13440K, reserved 1048576K
GC Heap History (20 events):
Event: 13.224 GC heap before
{Heap before GC invocations=31 (full 0):
 garbage-first heap   total 163840K, used 112908K [0x0000000080000000, 0x0000000100000000)
  region size 1024K, 21 young (21504K), 4 survivors (4096K)
 Metaspace       used 68694K, committed 69248K, reserved 1114112K
  class space    used 9187K, committed 9408K, reserved 1048576K
}
Event: 13.227 GC heap after
{Heap after GC invocations=32 (full 0):
 garbage-first heap   total 163840K, used 96969K [0x0000000080000000, 0x0000000100000000)
  region size 1024K, 2 young (2048K), 2 survivors (2048K)
 Metaspace       used 68694K, committed 69248K, reserved 1114112K
  class space    used 9187K, committed 9408K, reserved 1048576K
}
Event: 13.300 GC heap before
{Heap before GC invocations=32 (full 0):
 garbage-first heap   total 163840K, used 103113K [0x0000000080000000, 0x0000000100000000)
  region size 1024K, 8 young (8192K), 2 survivors (2048K)
 Metaspace       used 69536K, committed 70208K, reserved 1114112K
  class space    used 9307K, committed 9600K, reserved 1048576K
}
Event: 13.302 GC heap after
{Heap after GC invocations=33 (full 0):
 garbage-first heap   total 163840K, used 96428K [0x0000000080000000, 0x0000000100000000)
  region size 1024K, 1 young (1024K), 1 survivors (1024K)
 Metaspace       used 69536K, committed 70208K, reserved 1114112K
  class space    used 9307K, committed 9600K, reserved 1048576K
}
Event: 13.543 GC heap before
{Heap before GC invocations=33 (full 0):
 garbage-first heap   total 163840K, used 117932K [0x0000000080000000, 0x0000000100000000)
  region size 1024K, 22 young (22528K), 1 survivors (1024K)
 Metaspace       used 72861K, committed 73472K, reserved 1114112K
  class space    used 9720K, committed 9984K, reserved 1048576K
}
Event: 13.545 GC heap after
{Heap after GC invocations=34 (full 0):
 garbage-first heap   total 163840K, used 97101K [0x0000000080000000, 0x0000000100000000)
  region size 1024K, 1 young (1024K), 1 survivors (1024K)
 Metaspace       used 72861K, committed 73472K, reserved 1114112K
  class space    used 9720K, committed 9984K, reserved 1048576K
}
Event: 13.821 GC heap before
{Heap before GC invocations=35 (full 0):
 garbage-first heap   total 167936K, used 113485K [0x0000000080000000, 0x0000000100000000)
  region size 1024K, 19 young (19456K), 1 survivors (1024K)
 Metaspace       used 75535K, committed 76224K, reserved 1179648K
  class space    used 10102K, committed 10432K, reserved 1048576K
}
Event: 13.824 GC heap after
{Heap after GC invocations=36 (full 0):
 garbage-first heap   total 167936K, used 99031K [0x0000000080000000, 0x0000000100000000)
  region size 1024K, 3 young (3072K), 3 survivors (3072K)
 Metaspace       used 75535K, committed 76224K, reserved 1179648K
  class space    used 10102K, committed 10432K, reserved 1048576K
}
Event: 14.022 GC heap before
{Heap before GC invocations=37 (full 0):
 garbage-first heap   total 196608K, used 130775K [0x0000000080000000, 0x0000000100000000)
  region size 1024K, 29 young (29696K), 3 survivors (3072K)
 Metaspace       used 77307K, committed 78016K, reserved 1179648K
  class space    used 10335K, committed 10688K, reserved 1048576K
}
Event: 14.026 GC heap after
{Heap after GC invocations=38 (full 0):
 garbage-first heap   total 196608K, used 101305K [0x0000000080000000, 0x0000000100000000)
  region size 1024K, 4 young (4096K), 4 survivors (4096K)
 Metaspace       used 77307K, committed 78016K, reserved 1179648K
  class space    used 10335K, committed 10688K, reserved 1048576K
}
Event: 14.267 GC heap before
{Heap before GC invocations=38 (full 0):
 garbage-first heap   total 196608K, used 127929K [0x0000000080000000, 0x0000000100000000)
  region size 1024K, 31 young (31744K), 4 survivors (4096K)
 Metaspace       used 79674K, committed 80384K, reserved 1179648K
  class space    used 10619K, committed 10944K, reserved 1048576K
}
Event: 14.271 GC heap after
{Heap after GC invocations=39 (full 0):
 garbage-first heap   total 196608K, used 103758K [0x0000000080000000, 0x0000000100000000)
  region size 1024K, 6 young (6144K), 6 survivors (6144K)
 Metaspace       used 79674K, committed 80384K, reserved 1179648K
  class space    used 10619K, committed 10944K, reserved 1048576K
}
Event: 14.743 GC heap before
{Heap before GC invocations=40 (full 0):
 garbage-first heap   total 196608K, used 144718K [0x0000000080000000, 0x0000000100000000)
  region size 1024K, 45 young (46080K), 6 survivors (6144K)
 Metaspace       used 83802K, committed 84480K, reserved 1179648K
  class space    used 11181K, committed 11520K, reserved 1048576K
}
Event: 14.747 GC heap after
{Heap after GC invocations=41 (full 0):
 garbage-first heap   total 196608K, used 105904K [0x0000000080000000, 0x0000000100000000)
  region size 1024K, 5 young (5120K), 5 survivors (5120K)
 Metaspace       used 83802K, committed 84480K, reserved 1179648K
  class space    used 11181K, committed 11520K, reserved 1048576K
}
Event: 15.148 GC heap before
{Heap before GC invocations=41 (full 0):
 garbage-first heap   total 196608K, used 147888K [0x0000000080000000, 0x0000000100000000)
  region size 1024K, 46 young (47104K), 5 survivors (5120K)
 Metaspace       used 84929K, committed 85632K, reserved 1179648K
  class space    used 11327K, committed 11648K, reserved 1048576K
}
Event: 15.152 GC heap after
{Heap after GC invocations=42 (full 0):
 garbage-first heap   total 196608K, used 109360K [0x0000000080000000, 0x0000000100000000)
  region size 1024K, 6 young (6144K), 6 survivors (6144K)
 Metaspace       used 84929K, committed 85632K, reserved 1179648K
  class space    used 11327K, committed 11648K, reserved 1048576K
}
Event: 15.641 GC heap before
{Heap before GC invocations=43 (full 0):
 garbage-first heap   total 196608K, used 151344K [0x0000000080000000, 0x0000000100000000)
  region size 1024K, 47 young (48128K), 6 survivors (6144K)
 Metaspace       used 89934K, committed 90624K, reserved 1179648K
  class space    used 12242K, committed 12544K, reserved 1048576K
}
Event: 15.645 GC heap after
{Heap after GC invocations=44 (full 0):
 garbage-first heap   total 196608K, used 112393K [0x0000000080000000, 0x0000000100000000)
  region size 1024K, 4 young (4096K), 4 survivors (4096K)
 Metaspace       used 89934K, committed 90624K, reserved 1179648K
  class space    used 12242K, committed 12544K, reserved 1048576K
}
Event: 16.032 GC heap before
{Heap before GC invocations=44 (full 0):
 garbage-first heap   total 196608K, used 154377K [0x0000000080000000, 0x0000000100000000)
  region size 1024K, 45 young (46080K), 4 survivors (4096K)
 Metaspace       used 94952K, committed 95680K, reserved 1179648K
  class space    used 12939K, committed 13248K, reserved 1048576K
}
Event: 16.036 GC heap after
{Heap after GC invocations=45 (full 0):
 garbage-first heap   total 196608K, used 114098K [0x0000000080000000, 0x0000000100000000)
  region size 1024K, 5 young (5120K), 5 survivors (5120K)
 Metaspace       used 94952K, committed 95680K, reserved 1179648K
  class space    used 12939K, committed 13248K, reserved 1048576K
}

